<?xml version="1.0" encoding="UTF-8"?>
<!-- Generated by org.testng.reporters.JUnitXMLReporter -->
<testsuite ignored="2" hostname="TSQA-L109" failures="0" tests="3" name="Test" time="32.083" errors="0" timestamp="2024-09-03T18:53:20 IST">
  <testcase classname="testSuite.TestAction03Login" name="tc_03_BookStoreLogin" time="24.301"/>
  <testcase classname="testSuite.TestAction03Login" name="tc_03_BookStoreLogin" time="0.019"/>
  <testcase classname="testSuite.TestAction03Login" name="tc_03_BookStoreLogin" time="0.033"/>
  <testcase classname="testSuite.TestAction02" name="tc_02_checkBoxAction" time="0.0">
    <ignored/>
  </testcase> <!-- tc_02_checkBoxAction -->
  <testcase classname="testSuite.TestAction01" name="tc_01_textBoxAction" time="0.0">
    <ignored/>
  </testcase> <!-- tc_01_textBoxAction -->
</testsuite> <!-- Test -->
